<?xml version="1.0" encoding="utf-8"?>
<TestRun id="45076bcc-353a-4cf8-931b-6c839c820132" name="eduard.stefanescu@SB070119LT 2020-02-22 15:52:00" runUser="ESP\eduard.stefanescu" xmlns="http://microsoft.com/schemas/VisualStudio/TeamTest/2010">
  <Times creation="2020-02-22T15:52:00.2941868+02:00" queuing="2020-02-22T15:52:00.2941876+02:00" start="2020-02-22T15:51:59.5249704+02:00" finish="2020-02-22T15:52:00.3043472+02:00" />
  <TestSettings name="default" id="326dc768-56d4-44bc-b0ba-577e4f9ef084">
    <Deployment runDeploymentRoot="eduard.stefanescu_SB070119LT_2020-02-22_15_52_00" />
  </TestSettings>
  <Results>
    <UnitTestResult executionId="55ecff5a-b64b-47db-8d03-62582c7e14ec" testId="d78715b5-6069-8577-e5a8-eba514be3e48" testName="CanDeleteCountry_UserIsNotCountryManagerTryToDeleteCountry_ReturnsFalse" computerName="SB070119LT" duration="00:00:00.0058470" startTime="2020-02-22T15:52:00.0000000+02:00" endTime="2020-02-22T15:52:00.0000000+02:00" testType="13cdc9d9-ddb5-4fa4-a97d-d965ccfc6d4b" outcome="Passed" testListId="8c84fa94-04c1-424b-9868-57a2d4851a1d" relativeResultsDirectory="55ecff5a-b64b-47db-8d03-62582c7e14ec" />
  </Results>
  <TestDefinitions>
    <UnitTest name="CanDeleteCountry_UserIsNotCountryManagerTryToDeleteCountry_ReturnsFalse" storage="c:\users\eduard.stefanescu\source\repos\aspnetcorecodecoverage\aspnetcorecodecoverage.tests\bin\debug\netcoreapp3.1\aspnetcorecodecoverage.tests.dll" id="d78715b5-6069-8577-e5a8-eba514be3e48">
      <Execution id="55ecff5a-b64b-47db-8d03-62582c7e14ec" />
      <TestMethod codeBase="C:\Users\eduard.stefanescu\source\repos\AspNetCoreCodeCoverage\AspNetCoreCodeCoverage.Tests\bin\Debug\netcoreapp3.1\AspNetCoreCodeCoverage.Tests.dll" adapterTypeName="executor://nunit3testexecutor/" className="AspNetCoreCodeCoverage.Tests.UserServiceTests" name="CanDeleteCountry_UserIsNotCountryManagerTryToDeleteCountry_ReturnsFalse" />
    </UnitTest>
  </TestDefinitions>
  <TestEntries>
    <TestEntry testId="d78715b5-6069-8577-e5a8-eba514be3e48" executionId="55ecff5a-b64b-47db-8d03-62582c7e14ec" testListId="8c84fa94-04c1-424b-9868-57a2d4851a1d" />
  </TestEntries>
  <TestLists>
    <TestList name="Results Not in a List" id="8c84fa94-04c1-424b-9868-57a2d4851a1d" />
    <TestList name="All Loaded Results" id="19431567-8539-422a-85d7-44ee4e166bda" />
  </TestLists>
  <ResultSummary outcome="Completed">
    <Counters total="1" executed="1" passed="1" failed="0" error="0" timeout="0" aborted="0" inconclusive="0" passedButRunAborted="0" notRunnable="0" notExecuted="0" disconnected="0" warning="0" completed="0" inProgress="0" pending="0" />
    <Output>
      <StdOut>NUnit Adapter 3.16.1.0: Test execution started&#xD;
Running all tests in C:\Users\eduard.stefanescu\source\repos\AspNetCoreCodeCoverage\AspNetCoreCodeCoverage.Tests\bin\Debug\netcoreapp3.1\AspNetCoreCodeCoverage.Tests.dll&#xD;
   NUnit3TestExecutor converted 1 of 1 NUnit test cases&#xD;
NUnit Adapter 3.16.1.0: Test execution complete&#xD;
</StdOut>
    </Output>
  </ResultSummary>
</TestRun>