<?xml version="1.0" encoding="utf-8"?>
<test-run id="2" duration="0.005847" testcasecount="1" total="1" passed="1" failed="0" inconclusive="0" skipped="0" result="Passed" start-time="2020-02-22T 13:51:59Z" end-time="2020-02-22T 13:52:00Z">
  <test-suite type="Assembly" name="AspNetCoreCodeCoverage.Tests.dll" fullname="C:\Users\eduard.stefanescu\source\repos\AspNetCoreCodeCoverage\AspNetCoreCodeCoverage.Tests\bin\Debug\netcoreapp3.1\AspNetCoreCodeCoverage.Tests.dll" total="1" passed="1" failed="0" inconclusive="0" skipped="0" result="Passed" duration="0.005847">
    <test-suite type="TestSuite" name="AspNetCoreCodeCoverage" fullname="AspNetCoreCodeCoverage" total="1" passed="1" failed="0" inconclusive="0" skipped="0" result="Passed" duration="0.005847">
      <test-suite type="TestSuite" name="Tests" fullname="AspNetCoreCodeCoverage.Tests" total="1" passed="1" failed="0" inconclusive="0" skipped="0" result="Passed" duration="0.005847">
        <test-suite type="TestFixture" name="UserServiceTests" fullname="AspNetCoreCodeCoverage.Tests.UserServiceTests" total="1" passed="1" failed="0" inconclusive="0" skipped="0" result="Passed" duration="0.005847">
          <test-case name="CanDeleteCountry_UserIsNotCountryManagerTryToDeleteCountry_ReturnsFalse" fullname="AspNetCoreCodeCoverage.Tests.UserServiceTests.CanDeleteCountry_UserIsNotCountryManagerTryToDeleteCountry_ReturnsFalse" methodname="CanDeleteCountry_UserIsNotCountryManagerTryToDeleteCountry_ReturnsFalse" classname="AspNetCoreCodeCoverage.Tests.UserServiceTests" result="Passed" duration="0.005847" asserts="0" />
        </test-suite>
      </test-suite>
    </test-suite>
    <errors />
  </test-suite>
</test-run>